Arguments: 
  /opt/homebrew/Cellar/node/19.6.0/bin/node /opt/homebrew/Cellar/yarn/1.22.19/libexec/bin/yarn.js add sharp

PATH: 
  /opt/homebrew/bin:/opt/homebrew/sbin:/usr/local/bin:/usr/bin:/bin:/usr/sbin:/sbin:/opt/homebrew/bin:/opt/homebrew/sbin:/Applications/Visual Studio Code.app/Contents/Resources/app/bin:/Applications/Visual Studio Code.app/Contents/Resources/app/bin

Yarn version: 
  1.22.19

Node version: 
  19.6.0

Platform: 
  darwin arm64

Trace: 
  Error: EACCES: permission denied, mkdir '/Users/mihirpalyekar/Desktop/VIrginia Tech/SEM 2/SOFTWARE ENGINEERING/wt-project-master/node_modules/color/node_modules'

npm manifest: 
  {
      "name": "classroom",
      "version": "1.0.0",
      "description": "",
      "main": "index.js",
      "scripts": {
          "test": "echo \"Error: no test specified\" && exit 1",
          "dev": "env-cmd ./config/dev.env nodemon index.js -e js,hbs"
      },
      "keywords": [],
      "author": "",
      "license": "ISC",
      "dependencies": {
          "bcryptjs": "^2.4.3",
          "body-parser": "^1.19.0",
          "cookie-parser": "^1.4.4",
          "cors": "^2.8.5",
          "crypto-browserify": "^3.11.0",
          "express": "^4.17.1",
          "express-fileupload": "^1.1.5",
          "hbs": "^4.0.1",
          "jest": "^23.6.0",
          "jsonwebtoken": "^8.4.0",
          "lodash": "^4.17.15",
          "mongodb": "^3.1.10",
          "mongoose": "^5.3.16",
          "morgan": "^1.9.1",
          "multer": "^1.4.1",
          "nodemon": "^1.18.9",
          "path": "^0.12.7",
          "sharp": "^0.22.1",
          "socket.io": "^2.2.0",
          "validator": "^10.9.0"
      },
      "devDependencies": {
          "env-cmd": "^8.0.2"
      }
  }

yarn manifest: 
  No manifest

Lockfile: 
  No lockfile
